{
  "stats": {
    "suites": 1,
    "tests": 1,
    "passes": 1,
    "pending": 0,
    "failures": 0,
    "start": "2021-04-23T18:58:20.466Z",
    "end": "2021-04-23T18:58:45.263Z",
    "duration": 24797,
    "testsRegistered": 1,
    "passPercent": 100,
    "pendingPercent": 0,
    "other": 0,
    "hasOther": false,
    "skipped": 0,
    "hasSkipped": false
  },
  "results": [
    {
      "uuid": "06da4298-2a36-4cd5-9659-5b2aceb29e8f",
      "title": "",
      "fullFile": "cypress/integration/visual-regression-test.spec.js",
      "file": "cypress/integration/visual-regression-test.spec.js",
      "beforeHooks": [],
      "afterHooks": [],
      "tests": [],
      "suites": [
        {
          "uuid": "8eaa7664-683e-48ab-93f3-4326722141ee",
          "title": "Virtual regression test using page objects",
          "fullFile": "",
          "file": "",
          "beforeHooks": [],
          "afterHooks": [],
          "tests": [
            {
              "title": "Edit single room",
              "fullTitle": "Virtual regression test using page objects Edit single room",
              "timedOut": null,
              "duration": 22939,
              "state": "passed",
              "speed": "slow",
              "pass": true,
              "fail": false,
              "pending": false,
              "context": null,
              "code": "cy.percySnapshot('login');\nindexFunctions.performValidLogin(cy, targets.username, targets.password, 'Tester Hotel Overview');\ncy.percySnapshot('dashbord');\ndashbordFunctions.veiwRooms(cy, 'Rooms');\ncy.percySnapshot('view_rooms');\nroomFunctions.createRoom(cy, 'New Room');\ncy.percySnapshot('new_room');\naddRoomFunctions.addNewRoom(cy, 'Single', '224', '2', '1250', ['Balcony', 'Sea View']);\nroomFunctions.assertLastElementRoomTitle(cy, 'Room 224');\nroomFunctions.assertLastElementRoomPrice(cy, '1250');\nroomFunctions.editLastRoom(cy);\ncy.percySnapshot('edit_room');\neditRoomFunctions.editPrice(cy, '2500');\nroomFunctions.assertLastElementRoomTitle(cy, 'Room 224');\nroomFunctions.assertLastElementRoomPrice(cy, '2500');\nroomFunctions.backToDashboard(cy, 'Tester Hotel Overview');\ndashbordFunctions.performLogout(cy, 'Login');",
              "err": {},
              "uuid": "3e0e7490-feaa-4225-a3e4-9bdaf5859f9a",
              "parentUUID": "8eaa7664-683e-48ab-93f3-4326722141ee",
              "isHook": false,
              "skipped": false
            }
          ],
          "suites": [],
          "passes": [
            "3e0e7490-feaa-4225-a3e4-9bdaf5859f9a"
          ],
          "failures": [],
          "pending": [],
          "skipped": [],
          "duration": 22939,
          "root": false,
          "rootEmpty": false,
          "_timeout": 2000
        }
      ],
      "passes": [],
      "failures": [],
      "pending": [],
      "skipped": [],
      "duration": 0,
      "root": true,
      "rootEmpty": true,
      "_timeout": 2000
    }
  ],
  "meta": {
    "mocha": {
      "version": "7.0.1"
    },
    "mochawesome": {
      "options": {
        "quiet": false,
        "reportFilename": "mochawesome",
        "saveHtml": true,
        "saveJson": true,
        "consoleReporter": "spec",
        "useInlineDiffs": false,
        "code": true
      },
      "version": "6.2.2"
    },
    "marge": {
      "options": null,
      "version": "5.2.0"
    }
  }
}